<?xml version="1.0" encoding="UTF-8"?>
<testsuites name="jest tests" tests="3" failures="0" time="5.113">
  <testsuite name="Page / HomePage" errors="0" failures="0" skipped="0" timestamp="2019-05-27T20:34:02" time="1.383" tests="1">
    <testcase classname="Page / HomePage renders a message about welcome to the screen" name="Page / HomePage renders a message about welcome to the screen" time="0.029">
    </testcase>
  </testsuite>
  <testsuite name="MainWrapper" errors="0" failures="0" skipped="0" timestamp="2019-05-27T20:34:02" time="1.474" tests="2">
    <testcase classname="MainWrapper renders the top nav with the correct links" name="MainWrapper renders the top nav with the correct links" time="0.023">
    </testcase>
    <testcase classname="MainWrapper renders the correct number of routes" name="MainWrapper renders the correct number of routes" time="0.004">
    </testcase>
  </testsuite>
</testsuites>